<?xml version="1.0" encoding="UTF-8"?>
<testng-results ignored="0" total="1" passed="1" failed="0" skipped="0">
  <reporter-output>
  </reporter-output>
  <suite started-at="2024-09-10T16:01:44 IST" name="Default suite" finished-at="2024-09-10T16:01:53 IST" duration-ms="9106">
    <groups>
    </groups>
    <test started-at="2024-09-10T16:01:44 IST" name="Default test" finished-at="2024-09-10T16:01:53 IST" duration-ms="9106">
      <class name="practice.extentReportTest.SampleReport_attachscreenshot3Test">
        <test-method is-config="true" signature="configBS()[pri:0, instance:practice.extentReportTest.SampleReport_attachscreenshot3Test@31368b99]" started-at="2024-09-10T16:01:43 IST" name="configBS" finished-at="2024-09-10T16:01:44 IST" duration-ms="294" status="PASS">
          <reporter-output>
          </reporter-output>
        </test-method> <!-- configBS -->
        <test-method signature="createContactTest()[pri:0, instance:practice.extentReportTest.SampleReport_attachscreenshot3Test@31368b99]" started-at="2024-09-10T16:01:44 IST" name="createContactTest" finished-at="2024-09-10T16:01:53 IST" duration-ms="9076" status="PASS">
          <reporter-output>
          </reporter-output>
        </test-method> <!-- createContactTest -->
        <test-method is-config="true" signature="configAS()[pri:0, instance:practice.extentReportTest.SampleReport_attachscreenshot3Test@31368b99]" started-at="2024-09-10T16:01:53 IST" name="configAS" finished-at="2024-09-10T16:01:53 IST" duration-ms="376" status="PASS">
          <reporter-output>
          </reporter-output>
        </test-method> <!-- configAS -->
      </class> <!-- practice.extentReportTest.SampleReport_attachscreenshot3Test -->
    </test> <!-- Default test -->
  </suite> <!-- Default suite -->
</testng-results>
