<?xml version="1.0" encoding="UTF-8"?>
<!-- Generated by org.testng.reporters.JUnitXMLReporter -->
<testsuite ignored="3" hostname="Spidy" failures="0" tests="1" name="Default test" time="65.281" errors="0" timestamp="11 Sept 2024 11:06:33 GMT">
  <testcase classname="com.comcast.crm.org_Testngtest.OrganizationTest" name="createOrganizationTest" time="11.091"/>
  <testcase classname="com.comcast.crm.org_Testngtest.OrganizationTest" name="deleteOrganizationTest" time="0.0">
    <ignored/>
  </testcase> <!-- deleteOrganizationTest -->
  <testcase classname="com.comcast.crm.org_Testngtest.OrganizationTest" name="createOrganizationWithIndustriesTest" time="0.0">
    <ignored/>
  </testcase> <!-- createOrganizationWithIndustriesTest -->
  <testcase classname="com.comcast.crm.org_Testngtest.OrganizationTest" name="createOrganizationWithPhoneNumberTest" time="0.0">
    <ignored/>
  </testcase> <!-- createOrganizationWithPhoneNumberTest -->
</testsuite> <!-- Default test -->
