<?xml version="1.0" encoding="UTF-8"?>
<!-- Generated by org.testng.reporters.JUnitXMLReporter -->
<testsuite ignored="7" hostname="Spidy" failures="0" tests="2" name="Test" time="71.217" errors="0" timestamp="18 Sept 2024 12:39:36 GMT">
  <testcase classname="com.comcast.crm.org_Testngtest.OrganizationTest" name="createOrganizationTest" time="27.904"/>
  <testcase classname="com.comcast.crm.contact_Testngtest.ContactTest" name="createContactTest" time="7.7"/>
  <testcase classname="com.comcast.crm.org_Testngtest.OrganizationTest" name="deleteOrganizationTest" time="0.0">
    <ignored/>
  </testcase> <!-- deleteOrganizationTest -->
  <testcase classname="com.comcast.crm.basetest.BaseClass" name="@BeforeSuite configBS" time="0.0">
    <ignored/>
  </testcase> <!-- @BeforeSuite configBS -->
  <testcase classname="com.comcast.crm.basetest.BaseClass" name="@AfterSuite configAS" time="0.0">
    <ignored/>
  </testcase> <!-- @AfterSuite configAS -->
  <testcase classname="com.comcast.crm.org_Testngtest.OrganizationTest" name="createOrganizationWithIndustriesTest" time="0.0">
    <ignored/>
  </testcase> <!-- createOrganizationWithIndustriesTest -->
  <testcase classname="com.comcast.crm.contact_Testngtest.ContactTest" name="createContactWithSupportDateTest" time="0.0">
    <ignored/>
  </testcase> <!-- createContactWithSupportDateTest -->
  <testcase classname="com.comcast.crm.org_Testngtest.OrganizationTest" name="createOrganizationWithPhoneNumberTest" time="0.0">
    <ignored/>
  </testcase> <!-- createOrganizationWithPhoneNumberTest -->
  <testcase classname="com.comcast.crm.contact_Testngtest.ContactTest" name="createcontactWithOrgTest" time="0.0">
    <ignored/>
  </testcase> <!-- createcontactWithOrgTest -->
</testsuite> <!-- Test -->
