<?xml version="1.0" encoding="UTF-8"?>
<!-- Generated by org.testng.reporters.JUnitXMLReporter -->
<testsuite ignored="3" hostname="Spidy" failures="0" tests="1" name="Test" time="19.924" errors="0" timestamp="10 Sept 2024 09:46:56 GMT">
  <testcase classname="com.comcast.crm.org_Testngtest.OrganizationTest" name="createOrganizationTest" time="8.368"/>
  <testcase classname="com.comcast.crm.org_Testngtest.OrganizationTest" name="deleteOrganizationTest" time="0.0">
    <ignored/>
  </testcase> <!-- deleteOrganizationTest -->
  <testcase classname="com.comcast.crm.org_Testngtest.OrganizationTest" name="createOrganizationWithIndustriesTest" time="0.0">
    <ignored/>
  </testcase> <!-- createOrganizationWithIndustriesTest -->
  <testcase classname="com.comcast.crm.org_Testngtest.OrganizationTest" name="createOrganizationWithPhoneNumberTest" time="0.0">
    <ignored/>
  </testcase> <!-- createOrganizationWithPhoneNumberTest -->
</testsuite> <!-- Test -->
