<?xml version="1.0" encoding="UTF-8"?>
<testsuite xmlns:xsi="http://www.w3.org/2001/XMLSchema-instance" xsi:noNamespaceSchemaLocation="https://maven.apache.org/surefire/maven-surefire-plugin/xsd/surefire-test-report-3.0.xsd" version="3.0" name="practicedatadriventesting.ReadRnTimeMavenParameterTest" time="0.365" tests="1" errors="0" skipped="0" failures="0">
  <properties>
[...]
</properties>
  <testcase name="runTimeParameterTest" classname="practicedatadriventesting.ReadRnTimeMavenParameterTest" time="0.018">
    <system-out><![CDATA[Env Data ===> URL ===>http://localhost:8888/
Browser Data ===>  ===>chrome
Username Data ===>  ===>admin
Password  Data ===>  ===>admin
]]></system-out>
  </testcase>
</testsuite>