<?xml version="1.0" encoding="UTF-8"?>
<testng-results ignored="0" total="1" passed="1" failed="0" skipped="0">
  <reporter-output>
  </reporter-output>
  <suite started-at="2024-08-10T03:39:06Z" name="Surefire suite" finished-at="2024-08-10T03:39:39Z" duration-ms="33311">
    <groups>
    </groups>
    <test started-at="2024-08-10T03:39:06Z" name="Surefire test" finished-at="2024-08-10T03:39:39Z" duration-ms="33311">
      <class name="practicedatadriventesting.CreateOrgUsingPropertyFileAndExcelTest">
        <test-method signature="createOrgTest()[pri:0, instance:practicedatadriventesting.CreateOrgUsingPropertyFileAndExcelTest@6e38921c]" started-at="2024-08-10T03:39:06Z" name="createOrgTest" finished-at="2024-08-10T03:39:39Z" duration-ms="33295" status="PASS">
          <reporter-output>
          </reporter-output>
        </test-method> <!-- createOrgTest -->
      </class> <!-- practicedatadriventesting.CreateOrgUsingPropertyFileAndExcelTest -->
    </test> <!-- Surefire test -->
  </suite> <!-- Surefire suite -->
</testng-results>
