<?xml version="1.0" encoding="UTF-8"?>
<testng-results ignored="7" total="9" passed="2" failed="0" skipped="0">
  <reporter-output>
  </reporter-output>
  <suite started-at="2024-09-19T07:37:29Z" name="Suite" finished-at="2024-09-19T07:38:10Z" duration-ms="41118">
    <groups>
      <group name="smokeTest">
        <method signature="ContactTest.createContactTest()[pri:0, instance:com.comcast.crm.contact_Testngtest.ContactTest@673fdbce]" name="createContactTest" class="com.comcast.crm.contact_Testngtest.ContactTest"/>
        <method signature="OrganizationTest.createOrganizationTest()[pri:0, instance:com.comcast.crm.org_Testngtest.OrganizationTest@1a245833]" name="createOrganizationTest" class="com.comcast.crm.org_Testngtest.OrganizationTest"/>
      </group> <!-- smokeTest -->
    </groups>
    <test started-at="2024-09-19T07:37:29Z" name="Test" finished-at="2024-09-19T07:38:10Z" duration-ms="41118">
      <class name="com.comcast.crm.org_Testngtest.OrganizationTest">
        <test-method is-config="true" signature="configBS()[pri:0, instance:com.comcast.crm.org_Testngtest.OrganizationTest@1a245833]" started-at="2024-09-19T07:37:29Z" name="configBS" finished-at="2024-09-19T07:37:29Z" duration-ms="253" status="PASS">
          <reporter-output>
          </reporter-output>
        </test-method> <!-- configBS -->
        <test-method is-config="true" signature="configBC()[pri:0, instance:com.comcast.crm.org_Testngtest.OrganizationTest@1a245833]" started-at="2024-09-19T07:37:29Z" name="configBC" finished-at="2024-09-19T07:37:32Z" duration-ms="2232" status="PASS">
          <reporter-output>
          </reporter-output>
        </test-method> <!-- configBC -->
        <test-method is-config="true" signature="configBM()[pri:0, instance:com.comcast.crm.org_Testngtest.OrganizationTest@1a245833]" started-at="2024-09-19T07:37:32Z" name="configBM" finished-at="2024-09-19T07:37:35Z" duration-ms="3312" status="PASS">
          <reporter-output>
          </reporter-output>
        </test-method> <!-- configBM -->
        <test-method signature="createOrganizationTest()[pri:0, instance:com.comcast.crm.org_Testngtest.OrganizationTest@1a245833]" started-at="2024-09-19T07:37:35Z" name="createOrganizationTest" finished-at="2024-09-19T07:37:44Z" duration-ms="8841" status="PASS">
          <reporter-output>
          </reporter-output>
        </test-method> <!-- createOrganizationTest -->
        <test-method is-config="true" signature="configAM()[pri:0, instance:com.comcast.crm.org_Testngtest.OrganizationTest@1a245833]" started-at="2024-09-19T07:37:44Z" name="configAM" finished-at="2024-09-19T07:37:51Z" duration-ms="7634" status="PASS">
          <reporter-output>
          </reporter-output>
        </test-method> <!-- configAM -->
        <test-method is-config="true" signature="configAC()[pri:0, instance:com.comcast.crm.org_Testngtest.OrganizationTest@1a245833]" started-at="2024-09-19T07:37:51Z" name="configAC" finished-at="2024-09-19T07:37:52Z" duration-ms="311" status="PASS">
          <reporter-output>
          </reporter-output>
        </test-method> <!-- configAC -->
        <test-method is-config="true" signature="configAS()[pri:0, instance:com.comcast.crm.org_Testngtest.OrganizationTest@1a245833]" started-at="2024-09-19T07:38:10Z" name="configAS" finished-at="2024-09-19T07:38:10Z" duration-ms="9" status="PASS">
          <reporter-output>
          </reporter-output>
        </test-method> <!-- configAS -->
      </class> <!-- com.comcast.crm.org_Testngtest.OrganizationTest -->
      <class name="com.comcast.crm.contact_Testngtest.ContactTest">
        <test-method is-config="true" signature="configBC()[pri:0, instance:com.comcast.crm.contact_Testngtest.ContactTest@673fdbce]" started-at="2024-09-19T07:37:52Z" name="configBC" finished-at="2024-09-19T07:37:53Z" duration-ms="1301" status="PASS">
          <reporter-output>
          </reporter-output>
        </test-method> <!-- configBC -->
        <test-method is-config="true" signature="configBM()[pri:0, instance:com.comcast.crm.contact_Testngtest.ContactTest@673fdbce]" started-at="2024-09-19T07:37:53Z" name="configBM" finished-at="2024-09-19T07:37:56Z" duration-ms="3118" status="PASS">
          <reporter-output>
          </reporter-output>
        </test-method> <!-- configBM -->
        <test-method signature="createContactTest()[pri:0, instance:com.comcast.crm.contact_Testngtest.ContactTest@673fdbce]" started-at="2024-09-19T07:37:56Z" name="createContactTest" finished-at="2024-09-19T07:38:04Z" duration-ms="7534" status="PASS">
          <reporter-output>
          </reporter-output>
        </test-method> <!-- createContactTest -->
        <test-method is-config="true" signature="configAM()[pri:0, instance:com.comcast.crm.contact_Testngtest.ContactTest@673fdbce]" started-at="2024-09-19T07:38:04Z" name="configAM" finished-at="2024-09-19T07:38:10Z" duration-ms="6544" status="PASS">
          <reporter-output>
          </reporter-output>
        </test-method> <!-- configAM -->
        <test-method is-config="true" signature="configAC()[pri:0, instance:com.comcast.crm.contact_Testngtest.ContactTest@673fdbce]" started-at="2024-09-19T07:38:10Z" name="configAC" finished-at="2024-09-19T07:38:10Z" duration-ms="269" status="PASS">
          <reporter-output>
          </reporter-output>
        </test-method> <!-- configAC -->
      </class> <!-- com.comcast.crm.contact_Testngtest.ContactTest -->
    </test> <!-- Test -->
  </suite> <!-- Suite -->
</testng-results>
